################################################################
Ciclo: 0

Tabela de Instrucoes =====================================
Instrucao           |Emissao |Leitura |Execucao|Escrita 
ld r1, (100)rb      |-       |-       |-       |-       
ld r2, (120)rb      |-       |-       |-       |-       
divd r3, r1, r2     |-       |-       |-       |-       
ld r12, (10)rb      |-       |-       |-       |-       
ld r11, (20)rb      |-       |-       |-       |-       
muld r10, r11, r12  |-       |-       |-       |-       
addd r9, r11, r12   |-       |-       |-       |-       
subd r8, r11, r12   |-       |-       |-       |-       
muld r7, r8, r9     |-       |-       |-       |-       
addd r6, r7, r10    |-       |-       |-       |-       
subd r3, r3, r6     |-       |-       |-       |-       

Scoreboard ===============================================
UF     |Busy |OP  |Fi |Fj |Fk |Qj     |Qk     |Rj   |Rk
Integer|False|    |   |   |   |       |       |False|False
Mult1  |False|    |   |   |   |       |       |False|False
Mult2  |False|    |   |   |   |       |       |False|False
Add    |False|    |   |   |   |       |       |False|False
Divide |False|    |   |   |   |       |       |False|False

Registradores ============================================
r1: -  |r2: -  |r3: -  |r4: -  |r5: -  |r6: -  |r7: -  |r8: -  |r9: -  |r10: -  |r11: -  |r12: -  |
pc:0

################################################################
Ciclo: 1

Tabela de Instrucoes =====================================
Instrucao           |Emissao |Leitura |Execucao|Escrita 
ld r1, (100)rb      |1       |-       |-       |-       
ld r2, (120)rb      |-       |-       |-       |-       
divd r3, r1, r2     |-       |-       |-       |-       
ld r12, (10)rb      |-       |-       |-       |-       
ld r11, (20)rb      |-       |-       |-       |-       
muld r10, r11, r12  |-       |-       |-       |-       
addd r9, r11, r12   |-       |-       |-       |-       
subd r8, r11, r12   |-       |-       |-       |-       
muld r7, r8, r9     |-       |-       |-       |-       
addd r6, r7, r10    |-       |-       |-       |-       
subd r3, r3, r6     |-       |-       |-       |-       

Scoreboard ===============================================
UF     |Busy |OP  |Fi |Fj |Fk |Qj     |Qk     |Rj   |Rk
Integer|True |ld  |r1 |100|rb |-      |-      |True |True 
Mult1  |False|    |   |   |   |       |       |False|False
Mult2  |False|    |   |   |   |       |       |False|False
Add    |False|    |   |   |   |       |       |False|False
Divide |False|    |   |   |   |       |       |False|False

Registradores ============================================
r1: Integer|r2: -  |r3: -  |r4: -  |r5: -  |r6: -  |r7: -  |r8: -  |r9: -  |r10: -  |r11: -  |r12: -  |
pc:1

################################################################
Ciclo: 2

Tabela de Instrucoes =====================================
Instrucao           |Emissao |Leitura |Execucao|Escrita 
ld r1, (100)rb      |1       |2       |-       |-       
ld r2, (120)rb      |-       |-       |-       |-       
divd r3, r1, r2     |-       |-       |-       |-       
ld r12, (10)rb      |-       |-       |-       |-       
ld r11, (20)rb      |-       |-       |-       |-       
muld r10, r11, r12  |-       |-       |-       |-       
addd r9, r11, r12   |-       |-       |-       |-       
subd r8, r11, r12   |-       |-       |-       |-       
muld r7, r8, r9     |-       |-       |-       |-       
addd r6, r7, r10    |-       |-       |-       |-       
subd r3, r3, r6     |-       |-       |-       |-       

Scoreboard ===============================================
UF     |Busy |OP  |Fi |Fj |Fk |Qj     |Qk     |Rj   |Rk
Integer|True |ld  |r1 |100|rb |-      |-      |False|False
Mult1  |False|    |   |   |   |       |       |False|False
Mult2  |False|    |   |   |   |       |       |False|False
Add    |False|    |   |   |   |       |       |False|False
Divide |False|    |   |   |   |       |       |False|False

Registradores ============================================
r1: Integer|r2: -  |r3: -  |r4: -  |r5: -  |r6: -  |r7: -  |r8: -  |r9: -  |r10: -  |r11: -  |r12: -  |
pc:1

################################################################
Ciclo: 3

Tabela de Instrucoes =====================================
Instrucao           |Emissao |Leitura |Execucao|Escrita 
ld r1, (100)rb      |1       |2       |3       |-       
ld r2, (120)rb      |-       |-       |-       |-       
divd r3, r1, r2     |-       |-       |-       |-       
ld r12, (10)rb      |-       |-       |-       |-       
ld r11, (20)rb      |-       |-       |-       |-       
muld r10, r11, r12  |-       |-       |-       |-       
addd r9, r11, r12   |-       |-       |-       |-       
subd r8, r11, r12   |-       |-       |-       |-       
muld r7, r8, r9     |-       |-       |-       |-       
addd r6, r7, r10    |-       |-       |-       |-       
subd r3, r3, r6     |-       |-       |-       |-       

Scoreboard ===============================================
UF     |Busy |OP  |Fi |Fj |Fk |Qj     |Qk     |Rj   |Rk
Integer|True |ld  |r1 |100|rb |-      |-      |False|False
Mult1  |False|    |   |   |   |       |       |False|False
Mult2  |False|    |   |   |   |       |       |False|False
Add    |False|    |   |   |   |       |       |False|False
Divide |False|    |   |   |   |       |       |False|False

Registradores ============================================
r1: Integer|r2: -  |r3: -  |r4: -  |r5: -  |r6: -  |r7: -  |r8: -  |r9: -  |r10: -  |r11: -  |r12: -  |
pc:1

################################################################
Ciclo: 4

Tabela de Instrucoes =====================================
Instrucao           |Emissao |Leitura |Execucao|Escrita 
ld r1, (100)rb      |1       |2       |3       |4       
ld r2, (120)rb      |-       |-       |-       |-       
divd r3, r1, r2     |-       |-       |-       |-       
ld r12, (10)rb      |-       |-       |-       |-       
ld r11, (20)rb      |-       |-       |-       |-       
muld r10, r11, r12  |-       |-       |-       |-       
addd r9, r11, r12   |-       |-       |-       |-       
subd r8, r11, r12   |-       |-       |-       |-       
muld r7, r8, r9     |-       |-       |-       |-       
addd r6, r7, r10    |-       |-       |-       |-       
subd r3, r3, r6     |-       |-       |-       |-       

Scoreboard ===============================================
UF     |Busy |OP  |Fi |Fj |Fk |Qj     |Qk     |Rj   |Rk
Integer|False|    |   |   |   |       |       |False|False
Mult1  |False|    |   |   |   |       |       |False|False
Mult2  |False|    |   |   |   |       |       |False|False
Add    |False|    |   |   |   |       |       |False|False
Divide |False|    |   |   |   |       |       |False|False

Registradores ============================================
r1: -  |r2: -  |r3: -  |r4: -  |r5: -  |r6: -  |r7: -  |r8: -  |r9: -  |r10: -  |r11: -  |r12: -  |
pc:1

################################################################
Ciclo: 5

Tabela de Instrucoes =====================================
Instrucao           |Emissao |Leitura |Execucao|Escrita 
ld r1, (100)rb      |1       |2       |3       |4       
ld r2, (120)rb      |5       |-       |-       |-       
divd r3, r1, r2     |-       |-       |-       |-       
ld r12, (10)rb      |-       |-       |-       |-       
ld r11, (20)rb      |-       |-       |-       |-       
muld r10, r11, r12  |-       |-       |-       |-       
addd r9, r11, r12   |-       |-       |-       |-       
subd r8, r11, r12   |-       |-       |-       |-       
muld r7, r8, r9     |-       |-       |-       |-       
addd r6, r7, r10    |-       |-       |-       |-       
subd r3, r3, r6     |-       |-       |-       |-       

Scoreboard ===============================================
UF     |Busy |OP  |Fi |Fj |Fk |Qj     |Qk     |Rj   |Rk
Integer|True |ld  |r2 |120|rb |-      |-      |True |True 
Mult1  |False|    |   |   |   |       |       |False|False
Mult2  |False|    |   |   |   |       |       |False|False
Add    |False|    |   |   |   |       |       |False|False
Divide |False|    |   |   |   |       |       |False|False

Registradores ============================================
r1: -  |r2: Integer|r3: -  |r4: -  |r5: -  |r6: -  |r7: -  |r8: -  |r9: -  |r10: -  |r11: -  |r12: -  |
pc:2

################################################################
Ciclo: 6

Tabela de Instrucoes =====================================
Instrucao           |Emissao |Leitura |Execucao|Escrita 
ld r1, (100)rb      |1       |2       |3       |4       
ld r2, (120)rb      |5       |6       |-       |-       
divd r3, r1, r2     |6       |-       |-       |-       
ld r12, (10)rb      |-       |-       |-       |-       
ld r11, (20)rb      |-       |-       |-       |-       
muld r10, r11, r12  |-       |-       |-       |-       
addd r9, r11, r12   |-       |-       |-       |-       
subd r8, r11, r12   |-       |-       |-       |-       
muld r7, r8, r9     |-       |-       |-       |-       
addd r6, r7, r10    |-       |-       |-       |-       
subd r3, r3, r6     |-       |-       |-       |-       

Scoreboard ===============================================
UF     |Busy |OP  |Fi |Fj |Fk |Qj     |Qk     |Rj   |Rk
Integer|True |ld  |r2 |120|rb |-      |-      |False|False
Mult1  |False|    |   |   |   |       |       |False|False
Mult2  |False|    |   |   |   |       |       |False|False
Add    |False|    |   |   |   |       |       |False|False
Divide |True |divd|r3 |r1 |r2 |-      |Integer|True |False

Registradores ============================================
r1: -  |r2: Integer|r3: Divide|r4: -  |r5: -  |r6: -  |r7: -  |r8: -  |r9: -  |r10: -  |r11: -  |r12: -  |
pc:3

################################################################
Ciclo: 7

Tabela de Instrucoes =====================================
Instrucao           |Emissao |Leitura |Execucao|Escrita 
ld r1, (100)rb      |1       |2       |3       |4       
ld r2, (120)rb      |5       |6       |7       |-       
divd r3, r1, r2     |6       |-       |-       |-       
ld r12, (10)rb      |-       |-       |-       |-       
ld r11, (20)rb      |-       |-       |-       |-       
muld r10, r11, r12  |-       |-       |-       |-       
addd r9, r11, r12   |-       |-       |-       |-       
subd r8, r11, r12   |-       |-       |-       |-       
muld r7, r8, r9     |-       |-       |-       |-       
addd r6, r7, r10    |-       |-       |-       |-       
subd r3, r3, r6     |-       |-       |-       |-       

Scoreboard ===============================================
UF     |Busy |OP  |Fi |Fj |Fk |Qj     |Qk     |Rj   |Rk
Integer|True |ld  |r2 |120|rb |-      |-      |False|False
Mult1  |False|    |   |   |   |       |       |False|False
Mult2  |False|    |   |   |   |       |       |False|False
Add    |False|    |   |   |   |       |       |False|False
Divide |True |divd|r3 |r1 |r2 |-      |Integer|True |False

Registradores ============================================
r1: -  |r2: Integer|r3: Divide|r4: -  |r5: -  |r6: -  |r7: -  |r8: -  |r9: -  |r10: -  |r11: -  |r12: -  |
pc:3

################################################################
Ciclo: 8

Tabela de Instrucoes =====================================
Instrucao           |Emissao |Leitura |Execucao|Escrita 
ld r1, (100)rb      |1       |2       |3       |4       
ld r2, (120)rb      |5       |6       |7       |8       
divd r3, r1, r2     |6       |-       |-       |-       
ld r12, (10)rb      |-       |-       |-       |-       
ld r11, (20)rb      |-       |-       |-       |-       
muld r10, r11, r12  |-       |-       |-       |-       
addd r9, r11, r12   |-       |-       |-       |-       
subd r8, r11, r12   |-       |-       |-       |-       
muld r7, r8, r9     |-       |-       |-       |-       
addd r6, r7, r10    |-       |-       |-       |-       
subd r3, r3, r6     |-       |-       |-       |-       

Scoreboard ===============================================
UF     |Busy |OP  |Fi |Fj |Fk |Qj     |Qk     |Rj   |Rk
Integer|False|    |   |   |   |       |       |False|False
Mult1  |False|    |   |   |   |       |       |False|False
Mult2  |False|    |   |   |   |       |       |False|False
Add    |False|    |   |   |   |       |       |False|False
Divide |True |divd|r3 |r1 |r2 |-      |Integer|True |True 

Registradores ============================================
r1: -  |r2: -  |r3: Divide|r4: -  |r5: -  |r6: -  |r7: -  |r8: -  |r9: -  |r10: -  |r11: -  |r12: -  |
pc:3

################################################################
Ciclo: 9

Tabela de Instrucoes =====================================
Instrucao           |Emissao |Leitura |Execucao|Escrita 
ld r1, (100)rb      |1       |2       |3       |4       
ld r2, (120)rb      |5       |6       |7       |8       
divd r3, r1, r2     |6       |9       |-       |-       
ld r12, (10)rb      |9       |-       |-       |-       
ld r11, (20)rb      |-       |-       |-       |-       
muld r10, r11, r12  |-       |-       |-       |-       
addd r9, r11, r12   |-       |-       |-       |-       
subd r8, r11, r12   |-       |-       |-       |-       
muld r7, r8, r9     |-       |-       |-       |-       
addd r6, r7, r10    |-       |-       |-       |-       
subd r3, r3, r6     |-       |-       |-       |-       

Scoreboard ===============================================
UF     |Busy |OP  |Fi |Fj |Fk |Qj     |Qk     |Rj   |Rk
Integer|True |ld  |r12|10 |rb |-      |-      |True |True 
Mult1  |False|    |   |   |   |       |       |False|False
Mult2  |False|    |   |   |   |       |       |False|False
Add    |False|    |   |   |   |       |       |False|False
Divide |True |divd|r3 |r1 |r2 |-      |-      |False|False

Registradores ============================================
r1: -  |r2: -  |r3: Divide|r4: -  |r5: -  |r6: -  |r7: -  |r8: -  |r9: -  |r10: -  |r11: -  |r12: Integer|
pc:4

################################################################
Ciclo: 10

Tabela de Instrucoes =====================================
Instrucao           |Emissao |Leitura |Execucao|Escrita 
ld r1, (100)rb      |1       |2       |3       |4       
ld r2, (120)rb      |5       |6       |7       |8       
divd r3, r1, r2     |6       |9       |-       |-       
ld r12, (10)rb      |9       |10      |-       |-       
ld r11, (20)rb      |-       |-       |-       |-       
muld r10, r11, r12  |-       |-       |-       |-       
addd r9, r11, r12   |-       |-       |-       |-       
subd r8, r11, r12   |-       |-       |-       |-       
muld r7, r8, r9     |-       |-       |-       |-       
addd r6, r7, r10    |-       |-       |-       |-       
subd r3, r3, r6     |-       |-       |-       |-       

Scoreboard ===============================================
UF     |Busy |OP  |Fi |Fj |Fk |Qj     |Qk     |Rj   |Rk
Integer|True |ld  |r12|10 |rb |-      |-      |False|False
Mult1  |False|    |   |   |   |       |       |False|False
Mult2  |False|    |   |   |   |       |       |False|False
Add    |False|    |   |   |   |       |       |False|False
Divide |True |divd|r3 |r1 |r2 |-      |-      |False|False

Registradores ============================================
r1: -  |r2: -  |r3: Divide|r4: -  |r5: -  |r6: -  |r7: -  |r8: -  |r9: -  |r10: -  |r11: -  |r12: Integer|
pc:4

################################################################
Ciclo: 11

Tabela de Instrucoes =====================================
Instrucao           |Emissao |Leitura |Execucao|Escrita 
ld r1, (100)rb      |1       |2       |3       |4       
ld r2, (120)rb      |5       |6       |7       |8       
divd r3, r1, r2     |6       |9       |-       |-       
ld r12, (10)rb      |9       |10      |11      |-       
ld r11, (20)rb      |-       |-       |-       |-       
muld r10, r11, r12  |-       |-       |-       |-       
addd r9, r11, r12   |-       |-       |-       |-       
subd r8, r11, r12   |-       |-       |-       |-       
muld r7, r8, r9     |-       |-       |-       |-       
addd r6, r7, r10    |-       |-       |-       |-       
subd r3, r3, r6     |-       |-       |-       |-       

Scoreboard ===============================================
UF     |Busy |OP  |Fi |Fj |Fk |Qj     |Qk     |Rj   |Rk
Integer|True |ld  |r12|10 |rb |-      |-      |False|False
Mult1  |False|    |   |   |   |       |       |False|False
Mult2  |False|    |   |   |   |       |       |False|False
Add    |False|    |   |   |   |       |       |False|False
Divide |True |divd|r3 |r1 |r2 |-      |-      |False|False

Registradores ============================================
r1: -  |r2: -  |r3: Divide|r4: -  |r5: -  |r6: -  |r7: -  |r8: -  |r9: -  |r10: -  |r11: -  |r12: Integer|
pc:4

################################################################
Ciclo: 12

Tabela de Instrucoes =====================================
Instrucao           |Emissao |Leitura |Execucao|Escrita 
ld r1, (100)rb      |1       |2       |3       |4       
ld r2, (120)rb      |5       |6       |7       |8       
divd r3, r1, r2     |6       |9       |-       |-       
ld r12, (10)rb      |9       |10      |11      |12      
ld r11, (20)rb      |-       |-       |-       |-       
muld r10, r11, r12  |-       |-       |-       |-       
addd r9, r11, r12   |-       |-       |-       |-       
subd r8, r11, r12   |-       |-       |-       |-       
muld r7, r8, r9     |-       |-       |-       |-       
addd r6, r7, r10    |-       |-       |-       |-       
subd r3, r3, r6     |-       |-       |-       |-       

Scoreboard ===============================================
UF     |Busy |OP  |Fi |Fj |Fk |Qj     |Qk     |Rj   |Rk
Integer|False|    |   |   |   |       |       |False|False
Mult1  |False|    |   |   |   |       |       |False|False
Mult2  |False|    |   |   |   |       |       |False|False
Add    |False|    |   |   |   |       |       |False|False
Divide |True |divd|r3 |r1 |r2 |-      |-      |False|False

Registradores ============================================
r1: -  |r2: -  |r3: Divide|r4: -  |r5: -  |r6: -  |r7: -  |r8: -  |r9: -  |r10: -  |r11: -  |r12: -  |
pc:4

################################################################
Ciclo: 13

Tabela de Instrucoes =====================================
Instrucao           |Emissao |Leitura |Execucao|Escrita 
ld r1, (100)rb      |1       |2       |3       |4       
ld r2, (120)rb      |5       |6       |7       |8       
divd r3, r1, r2     |6       |9       |-       |-       
ld r12, (10)rb      |9       |10      |11      |12      
ld r11, (20)rb      |13      |-       |-       |-       
muld r10, r11, r12  |-       |-       |-       |-       
addd r9, r11, r12   |-       |-       |-       |-       
subd r8, r11, r12   |-       |-       |-       |-       
muld r7, r8, r9     |-       |-       |-       |-       
addd r6, r7, r10    |-       |-       |-       |-       
subd r3, r3, r6     |-       |-       |-       |-       

Scoreboard ===============================================
UF     |Busy |OP  |Fi |Fj |Fk |Qj     |Qk     |Rj   |Rk
Integer|True |ld  |r11|20 |rb |-      |-      |True |True 
Mult1  |False|    |   |   |   |       |       |False|False
Mult2  |False|    |   |   |   |       |       |False|False
Add    |False|    |   |   |   |       |       |False|False
Divide |True |divd|r3 |r1 |r2 |-      |-      |False|False

Registradores ============================================
r1: -  |r2: -  |r3: Divide|r4: -  |r5: -  |r6: -  |r7: -  |r8: -  |r9: -  |r10: -  |r11: Integer|r12: -  |
pc:5

################################################################
Ciclo: 14

Tabela de Instrucoes =====================================
Instrucao           |Emissao |Leitura |Execucao|Escrita 
ld r1, (100)rb      |1       |2       |3       |4       
ld r2, (120)rb      |5       |6       |7       |8       
divd r3, r1, r2     |6       |9       |-       |-       
ld r12, (10)rb      |9       |10      |11      |12      
ld r11, (20)rb      |13      |14      |-       |-       
muld r10, r11, r12  |14      |-       |-       |-       
addd r9, r11, r12   |-       |-       |-       |-       
subd r8, r11, r12   |-       |-       |-       |-       
muld r7, r8, r9     |-       |-       |-       |-       
addd r6, r7, r10    |-       |-       |-       |-       
subd r3, r3, r6     |-       |-       |-       |-       

Scoreboard ===============================================
UF     |Busy |OP  |Fi |Fj |Fk |Qj     |Qk     |Rj   |Rk
Integer|True |ld  |r11|20 |rb |-      |-      |False|False
Mult1  |True |muld|r10|r11|r12|Integer|-      |False|True 
Mult2  |False|    |   |   |   |       |       |False|False
Add    |False|    |   |   |   |       |       |False|False
Divide |True |divd|r3 |r1 |r2 |-      |-      |False|False

Registradores ============================================
r1: -  |r2: -  |r3: Divide|r4: -  |r5: -  |r6: -  |r7: -  |r8: -  |r9: -  |r10: Mult1|r11: Integer|r12: -  |
pc:6

################################################################
Ciclo: 15

Tabela de Instrucoes =====================================
Instrucao           |Emissao |Leitura |Execucao|Escrita 
ld r1, (100)rb      |1       |2       |3       |4       
ld r2, (120)rb      |5       |6       |7       |8       
divd r3, r1, r2     |6       |9       |-       |-       
ld r12, (10)rb      |9       |10      |11      |12      
ld r11, (20)rb      |13      |14      |15      |-       
muld r10, r11, r12  |14      |-       |-       |-       
addd r9, r11, r12   |15      |-       |-       |-       
subd r8, r11, r12   |-       |-       |-       |-       
muld r7, r8, r9     |-       |-       |-       |-       
addd r6, r7, r10    |-       |-       |-       |-       
subd r3, r3, r6     |-       |-       |-       |-       

Scoreboard ===============================================
UF     |Busy |OP  |Fi |Fj |Fk |Qj     |Qk     |Rj   |Rk
Integer|True |ld  |r11|20 |rb |-      |-      |False|False
Mult1  |True |muld|r10|r11|r12|Integer|-      |False|True 
Mult2  |False|    |   |   |   |       |       |False|False
Add    |True |addd|r9 |r11|r12|Integer|-      |False|True 
Divide |True |divd|r3 |r1 |r2 |-      |-      |False|False

Registradores ============================================
r1: -  |r2: -  |r3: Divide|r4: -  |r5: -  |r6: -  |r7: -  |r8: -  |r9: Add|r10: Mult1|r11: Integer|r12: -  |
pc:7

################################################################
Ciclo: 16

Tabela de Instrucoes =====================================
Instrucao           |Emissao |Leitura |Execucao|Escrita 
ld r1, (100)rb      |1       |2       |3       |4       
ld r2, (120)rb      |5       |6       |7       |8       
divd r3, r1, r2     |6       |9       |-       |-       
ld r12, (10)rb      |9       |10      |11      |12      
ld r11, (20)rb      |13      |14      |15      |16      
muld r10, r11, r12  |14      |-       |-       |-       
addd r9, r11, r12   |15      |-       |-       |-       
subd r8, r11, r12   |-       |-       |-       |-       
muld r7, r8, r9     |-       |-       |-       |-       
addd r6, r7, r10    |-       |-       |-       |-       
subd r3, r3, r6     |-       |-       |-       |-       

Scoreboard ===============================================
UF     |Busy |OP  |Fi |Fj |Fk |Qj     |Qk     |Rj   |Rk
Integer|False|    |   |   |   |       |       |False|False
Mult1  |True |muld|r10|r11|r12|Integer|-      |True |True 
Mult2  |False|    |   |   |   |       |       |False|False
Add    |True |addd|r9 |r11|r12|Integer|-      |True |True 
Divide |True |divd|r3 |r1 |r2 |-      |-      |False|False

Registradores ============================================
r1: -  |r2: -  |r3: Divide|r4: -  |r5: -  |r6: -  |r7: -  |r8: -  |r9: Add|r10: Mult1|r11: -  |r12: -  |
pc:7

################################################################
Ciclo: 17

Tabela de Instrucoes =====================================
Instrucao           |Emissao |Leitura |Execucao|Escrita 
ld r1, (100)rb      |1       |2       |3       |4       
ld r2, (120)rb      |5       |6       |7       |8       
divd r3, r1, r2     |6       |9       |-       |-       
ld r12, (10)rb      |9       |10      |11      |12      
ld r11, (20)rb      |13      |14      |15      |16      
muld r10, r11, r12  |14      |17      |-       |-       
addd r9, r11, r12   |15      |17      |-       |-       
subd r8, r11, r12   |-       |-       |-       |-       
muld r7, r8, r9     |-       |-       |-       |-       
addd r6, r7, r10    |-       |-       |-       |-       
subd r3, r3, r6     |-       |-       |-       |-       

Scoreboard ===============================================
UF     |Busy |OP  |Fi |Fj |Fk |Qj     |Qk     |Rj   |Rk
Integer|False|    |   |   |   |       |       |False|False
Mult1  |True |muld|r10|r11|r12|-      |-      |False|False
Mult2  |False|    |   |   |   |       |       |False|False
Add    |True |addd|r9 |r11|r12|-      |-      |False|False
Divide |True |divd|r3 |r1 |r2 |-      |-      |False|False

Registradores ============================================
r1: -  |r2: -  |r3: Divide|r4: -  |r5: -  |r6: -  |r7: -  |r8: -  |r9: Add|r10: Mult1|r11: -  |r12: -  |
pc:7

################################################################
Ciclo: 18

Tabela de Instrucoes =====================================
Instrucao           |Emissao |Leitura |Execucao|Escrita 
ld r1, (100)rb      |1       |2       |3       |4       
ld r2, (120)rb      |5       |6       |7       |8       
divd r3, r1, r2     |6       |9       |-       |-       
ld r12, (10)rb      |9       |10      |11      |12      
ld r11, (20)rb      |13      |14      |15      |16      
muld r10, r11, r12  |14      |17      |-       |-       
addd r9, r11, r12   |15      |17      |-       |-       
subd r8, r11, r12   |-       |-       |-       |-       
muld r7, r8, r9     |-       |-       |-       |-       
addd r6, r7, r10    |-       |-       |-       |-       
subd r3, r3, r6     |-       |-       |-       |-       

Scoreboard ===============================================
UF     |Busy |OP  |Fi |Fj |Fk |Qj     |Qk     |Rj   |Rk
Integer|False|    |   |   |   |       |       |False|False
Mult1  |True |muld|r10|r11|r12|-      |-      |False|False
Mult2  |False|    |   |   |   |       |       |False|False
Add    |True |addd|r9 |r11|r12|-      |-      |False|False
Divide |True |divd|r3 |r1 |r2 |-      |-      |False|False

Registradores ============================================
r1: -  |r2: -  |r3: Divide|r4: -  |r5: -  |r6: -  |r7: -  |r8: -  |r9: Add|r10: Mult1|r11: -  |r12: -  |
pc:7

################################################################
Ciclo: 19

Tabela de Instrucoes =====================================
Instrucao           |Emissao |Leitura |Execucao|Escrita 
ld r1, (100)rb      |1       |2       |3       |4       
ld r2, (120)rb      |5       |6       |7       |8       
divd r3, r1, r2     |6       |9       |-       |-       
ld r12, (10)rb      |9       |10      |11      |12      
ld r11, (20)rb      |13      |14      |15      |16      
muld r10, r11, r12  |14      |17      |-       |-       
addd r9, r11, r12   |15      |17      |19      |-       
subd r8, r11, r12   |-       |-       |-       |-       
muld r7, r8, r9     |-       |-       |-       |-       
addd r6, r7, r10    |-       |-       |-       |-       
subd r3, r3, r6     |-       |-       |-       |-       

Scoreboard ===============================================
UF     |Busy |OP  |Fi |Fj |Fk |Qj     |Qk     |Rj   |Rk
Integer|False|    |   |   |   |       |       |False|False
Mult1  |True |muld|r10|r11|r12|-      |-      |False|False
Mult2  |False|    |   |   |   |       |       |False|False
Add    |True |addd|r9 |r11|r12|-      |-      |False|False
Divide |True |divd|r3 |r1 |r2 |-      |-      |False|False

Registradores ============================================
r1: -  |r2: -  |r3: Divide|r4: -  |r5: -  |r6: -  |r7: -  |r8: -  |r9: Add|r10: Mult1|r11: -  |r12: -  |
pc:7

################################################################
Ciclo: 20

Tabela de Instrucoes =====================================
Instrucao           |Emissao |Leitura |Execucao|Escrita 
ld r1, (100)rb      |1       |2       |3       |4       
ld r2, (120)rb      |5       |6       |7       |8       
divd r3, r1, r2     |6       |9       |-       |-       
ld r12, (10)rb      |9       |10      |11      |12      
ld r11, (20)rb      |13      |14      |15      |16      
muld r10, r11, r12  |14      |17      |-       |-       
addd r9, r11, r12   |15      |17      |19      |20      
subd r8, r11, r12   |-       |-       |-       |-       
muld r7, r8, r9     |-       |-       |-       |-       
addd r6, r7, r10    |-       |-       |-       |-       
subd r3, r3, r6     |-       |-       |-       |-       

Scoreboard ===============================================
UF     |Busy |OP  |Fi |Fj |Fk |Qj     |Qk     |Rj   |Rk
Integer|False|    |   |   |   |       |       |False|False
Mult1  |True |muld|r10|r11|r12|-      |-      |False|False
Mult2  |False|    |   |   |   |       |       |False|False
Add    |False|    |   |   |   |       |       |False|False
Divide |True |divd|r3 |r1 |r2 |-      |-      |False|False

Registradores ============================================
r1: -  |r2: -  |r3: Divide|r4: -  |r5: -  |r6: -  |r7: -  |r8: -  |r9: -  |r10: Mult1|r11: -  |r12: -  |
pc:7

################################################################
Ciclo: 21

Tabela de Instrucoes =====================================
Instrucao           |Emissao |Leitura |Execucao|Escrita 
ld r1, (100)rb      |1       |2       |3       |4       
ld r2, (120)rb      |5       |6       |7       |8       
divd r3, r1, r2     |6       |9       |-       |-       
ld r12, (10)rb      |9       |10      |11      |12      
ld r11, (20)rb      |13      |14      |15      |16      
muld r10, r11, r12  |14      |17      |-       |-       
addd r9, r11, r12   |15      |17      |19      |20      
subd r8, r11, r12   |21      |-       |-       |-       
muld r7, r8, r9     |-       |-       |-       |-       
addd r6, r7, r10    |-       |-       |-       |-       
subd r3, r3, r6     |-       |-       |-       |-       

Scoreboard ===============================================
UF     |Busy |OP  |Fi |Fj |Fk |Qj     |Qk     |Rj   |Rk
Integer|False|    |   |   |   |       |       |False|False
Mult1  |True |muld|r10|r11|r12|-      |-      |False|False
Mult2  |False|    |   |   |   |       |       |False|False
Add    |True |subd|r8 |r11|r12|-      |-      |True |True 
Divide |True |divd|r3 |r1 |r2 |-      |-      |False|False

Registradores ============================================
r1: -  |r2: -  |r3: Divide|r4: -  |r5: -  |r6: -  |r7: -  |r8: Add|r9: -  |r10: Mult1|r11: -  |r12: -  |
pc:8

################################################################
Ciclo: 22

Tabela de Instrucoes =====================================
Instrucao           |Emissao |Leitura |Execucao|Escrita 
ld r1, (100)rb      |1       |2       |3       |4       
ld r2, (120)rb      |5       |6       |7       |8       
divd r3, r1, r2     |6       |9       |-       |-       
ld r12, (10)rb      |9       |10      |11      |12      
ld r11, (20)rb      |13      |14      |15      |16      
muld r10, r11, r12  |14      |17      |-       |-       
addd r9, r11, r12   |15      |17      |19      |20      
subd r8, r11, r12   |21      |22      |-       |-       
muld r7, r8, r9     |22      |-       |-       |-       
addd r6, r7, r10    |-       |-       |-       |-       
subd r3, r3, r6     |-       |-       |-       |-       

Scoreboard ===============================================
UF     |Busy |OP  |Fi |Fj |Fk |Qj     |Qk     |Rj   |Rk
Integer|False|    |   |   |   |       |       |False|False
Mult1  |True |muld|r10|r11|r12|-      |-      |False|False
Mult2  |True |muld|r7 |r8 |r9 |Add    |-      |False|True 
Add    |True |subd|r8 |r11|r12|-      |-      |False|False
Divide |True |divd|r3 |r1 |r2 |-      |-      |False|False

Registradores ============================================
r1: -  |r2: -  |r3: Divide|r4: -  |r5: -  |r6: -  |r7: Mult2|r8: Add|r9: -  |r10: Mult1|r11: -  |r12: -  |
pc:9

################################################################
Ciclo: 23

Tabela de Instrucoes =====================================
Instrucao           |Emissao |Leitura |Execucao|Escrita 
ld r1, (100)rb      |1       |2       |3       |4       
ld r2, (120)rb      |5       |6       |7       |8       
divd r3, r1, r2     |6       |9       |-       |-       
ld r12, (10)rb      |9       |10      |11      |12      
ld r11, (20)rb      |13      |14      |15      |16      
muld r10, r11, r12  |14      |17      |-       |-       
addd r9, r11, r12   |15      |17      |19      |20      
subd r8, r11, r12   |21      |22      |-       |-       
muld r7, r8, r9     |22      |-       |-       |-       
addd r6, r7, r10    |-       |-       |-       |-       
subd r3, r3, r6     |-       |-       |-       |-       

Scoreboard ===============================================
UF     |Busy |OP  |Fi |Fj |Fk |Qj     |Qk     |Rj   |Rk
Integer|False|    |   |   |   |       |       |False|False
Mult1  |True |muld|r10|r11|r12|-      |-      |False|False
Mult2  |True |muld|r7 |r8 |r9 |Add    |-      |False|True 
Add    |True |subd|r8 |r11|r12|-      |-      |False|False
Divide |True |divd|r3 |r1 |r2 |-      |-      |False|False

Registradores ============================================
r1: -  |r2: -  |r3: Divide|r4: -  |r5: -  |r6: -  |r7: Mult2|r8: Add|r9: -  |r10: Mult1|r11: -  |r12: -  |
pc:9

################################################################
Ciclo: 24

Tabela de Instrucoes =====================================
Instrucao           |Emissao |Leitura |Execucao|Escrita 
ld r1, (100)rb      |1       |2       |3       |4       
ld r2, (120)rb      |5       |6       |7       |8       
divd r3, r1, r2     |6       |9       |-       |-       
ld r12, (10)rb      |9       |10      |11      |12      
ld r11, (20)rb      |13      |14      |15      |16      
muld r10, r11, r12  |14      |17      |-       |-       
addd r9, r11, r12   |15      |17      |19      |20      
subd r8, r11, r12   |21      |22      |24      |-       
muld r7, r8, r9     |22      |-       |-       |-       
addd r6, r7, r10    |-       |-       |-       |-       
subd r3, r3, r6     |-       |-       |-       |-       

Scoreboard ===============================================
UF     |Busy |OP  |Fi |Fj |Fk |Qj     |Qk     |Rj   |Rk
Integer|False|    |   |   |   |       |       |False|False
Mult1  |True |muld|r10|r11|r12|-      |-      |False|False
Mult2  |True |muld|r7 |r8 |r9 |Add    |-      |False|True 
Add    |True |subd|r8 |r11|r12|-      |-      |False|False
Divide |True |divd|r3 |r1 |r2 |-      |-      |False|False

Registradores ============================================
r1: -  |r2: -  |r3: Divide|r4: -  |r5: -  |r6: -  |r7: Mult2|r8: Add|r9: -  |r10: Mult1|r11: -  |r12: -  |
pc:9

################################################################
Ciclo: 25

Tabela de Instrucoes =====================================
Instrucao           |Emissao |Leitura |Execucao|Escrita 
ld r1, (100)rb      |1       |2       |3       |4       
ld r2, (120)rb      |5       |6       |7       |8       
divd r3, r1, r2     |6       |9       |-       |-       
ld r12, (10)rb      |9       |10      |11      |12      
ld r11, (20)rb      |13      |14      |15      |16      
muld r10, r11, r12  |14      |17      |-       |-       
addd r9, r11, r12   |15      |17      |19      |20      
subd r8, r11, r12   |21      |22      |24      |25      
muld r7, r8, r9     |22      |-       |-       |-       
addd r6, r7, r10    |-       |-       |-       |-       
subd r3, r3, r6     |-       |-       |-       |-       

Scoreboard ===============================================
UF     |Busy |OP  |Fi |Fj |Fk |Qj     |Qk     |Rj   |Rk
Integer|False|    |   |   |   |       |       |False|False
Mult1  |True |muld|r10|r11|r12|-      |-      |False|False
Mult2  |True |muld|r7 |r8 |r9 |Add    |-      |True |True 
Add    |False|    |   |   |   |       |       |False|False
Divide |True |divd|r3 |r1 |r2 |-      |-      |False|False

Registradores ============================================
r1: -  |r2: -  |r3: Divide|r4: -  |r5: -  |r6: -  |r7: Mult2|r8: -  |r9: -  |r10: Mult1|r11: -  |r12: -  |
pc:9

################################################################
Ciclo: 26

Tabela de Instrucoes =====================================
Instrucao           |Emissao |Leitura |Execucao|Escrita 
ld r1, (100)rb      |1       |2       |3       |4       
ld r2, (120)rb      |5       |6       |7       |8       
divd r3, r1, r2     |6       |9       |-       |-       
ld r12, (10)rb      |9       |10      |11      |12      
ld r11, (20)rb      |13      |14      |15      |16      
muld r10, r11, r12  |14      |17      |-       |-       
addd r9, r11, r12   |15      |17      |19      |20      
subd r8, r11, r12   |21      |22      |24      |25      
muld r7, r8, r9     |22      |26      |-       |-       
addd r6, r7, r10    |26      |-       |-       |-       
subd r3, r3, r6     |-       |-       |-       |-       

Scoreboard ===============================================
UF     |Busy |OP  |Fi |Fj |Fk |Qj     |Qk     |Rj   |Rk
Integer|False|    |   |   |   |       |       |False|False
Mult1  |True |muld|r10|r11|r12|-      |-      |False|False
Mult2  |True |muld|r7 |r8 |r9 |-      |-      |False|False
Add    |True |addd|r6 |r7 |r10|Mult2  |Mult1  |False|False
Divide |True |divd|r3 |r1 |r2 |-      |-      |False|False

Registradores ============================================
r1: -  |r2: -  |r3: Divide|r4: -  |r5: -  |r6: Add|r7: Mult2|r8: -  |r9: -  |r10: Mult1|r11: -  |r12: -  |
pc:10

################################################################
Ciclo: 27

Tabela de Instrucoes =====================================
Instrucao           |Emissao |Leitura |Execucao|Escrita 
ld r1, (100)rb      |1       |2       |3       |4       
ld r2, (120)rb      |5       |6       |7       |8       
divd r3, r1, r2     |6       |9       |-       |-       
ld r12, (10)rb      |9       |10      |11      |12      
ld r11, (20)rb      |13      |14      |15      |16      
muld r10, r11, r12  |14      |17      |27      |-       
addd r9, r11, r12   |15      |17      |19      |20      
subd r8, r11, r12   |21      |22      |24      |25      
muld r7, r8, r9     |22      |26      |-       |-       
addd r6, r7, r10    |26      |-       |-       |-       
subd r3, r3, r6     |-       |-       |-       |-       

Scoreboard ===============================================
UF     |Busy |OP  |Fi |Fj |Fk |Qj     |Qk     |Rj   |Rk
Integer|False|    |   |   |   |       |       |False|False
Mult1  |True |muld|r10|r11|r12|-      |-      |False|False
Mult2  |True |muld|r7 |r8 |r9 |-      |-      |False|False
Add    |True |addd|r6 |r7 |r10|Mult2  |Mult1  |False|False
Divide |True |divd|r3 |r1 |r2 |-      |-      |False|False

Registradores ============================================
r1: -  |r2: -  |r3: Divide|r4: -  |r5: -  |r6: Add|r7: Mult2|r8: -  |r9: -  |r10: Mult1|r11: -  |r12: -  |
pc:10

################################################################
Ciclo: 28

Tabela de Instrucoes =====================================
Instrucao           |Emissao |Leitura |Execucao|Escrita 
ld r1, (100)rb      |1       |2       |3       |4       
ld r2, (120)rb      |5       |6       |7       |8       
divd r3, r1, r2     |6       |9       |-       |-       
ld r12, (10)rb      |9       |10      |11      |12      
ld r11, (20)rb      |13      |14      |15      |16      
muld r10, r11, r12  |14      |17      |27      |28      
addd r9, r11, r12   |15      |17      |19      |20      
subd r8, r11, r12   |21      |22      |24      |25      
muld r7, r8, r9     |22      |26      |-       |-       
addd r6, r7, r10    |26      |-       |-       |-       
subd r3, r3, r6     |-       |-       |-       |-       

Scoreboard ===============================================
UF     |Busy |OP  |Fi |Fj |Fk |Qj     |Qk     |Rj   |Rk
Integer|False|    |   |   |   |       |       |False|False
Mult1  |False|    |   |   |   |       |       |False|False
Mult2  |True |muld|r7 |r8 |r9 |-      |-      |False|False
Add    |True |addd|r6 |r7 |r10|Mult2  |Mult1  |False|True 
Divide |True |divd|r3 |r1 |r2 |-      |-      |False|False

Registradores ============================================
r1: -  |r2: -  |r3: Divide|r4: -  |r5: -  |r6: Add|r7: Mult2|r8: -  |r9: -  |r10: -  |r11: -  |r12: -  |
pc:10

################################################################
Ciclo: 29

Tabela de Instrucoes =====================================
Instrucao           |Emissao |Leitura |Execucao|Escrita 
ld r1, (100)rb      |1       |2       |3       |4       
ld r2, (120)rb      |5       |6       |7       |8       
divd r3, r1, r2     |6       |9       |-       |-       
ld r12, (10)rb      |9       |10      |11      |12      
ld r11, (20)rb      |13      |14      |15      |16      
muld r10, r11, r12  |14      |17      |27      |28      
addd r9, r11, r12   |15      |17      |19      |20      
subd r8, r11, r12   |21      |22      |24      |25      
muld r7, r8, r9     |22      |26      |-       |-       
addd r6, r7, r10    |26      |-       |-       |-       
subd r3, r3, r6     |-       |-       |-       |-       

Scoreboard ===============================================
UF     |Busy |OP  |Fi |Fj |Fk |Qj     |Qk     |Rj   |Rk
Integer|False|    |   |   |   |       |       |False|False
Mult1  |False|    |   |   |   |       |       |False|False
Mult2  |True |muld|r7 |r8 |r9 |-      |-      |False|False
Add    |True |addd|r6 |r7 |r10|Mult2  |Mult1  |False|True 
Divide |True |divd|r3 |r1 |r2 |-      |-      |False|False

Registradores ============================================
r1: -  |r2: -  |r3: Divide|r4: -  |r5: -  |r6: Add|r7: Mult2|r8: -  |r9: -  |r10: -  |r11: -  |r12: -  |
pc:10

################################################################
Ciclo: 30

Tabela de Instrucoes =====================================
Instrucao           |Emissao |Leitura |Execucao|Escrita 
ld r1, (100)rb      |1       |2       |3       |4       
ld r2, (120)rb      |5       |6       |7       |8       
divd r3, r1, r2     |6       |9       |-       |-       
ld r12, (10)rb      |9       |10      |11      |12      
ld r11, (20)rb      |13      |14      |15      |16      
muld r10, r11, r12  |14      |17      |27      |28      
addd r9, r11, r12   |15      |17      |19      |20      
subd r8, r11, r12   |21      |22      |24      |25      
muld r7, r8, r9     |22      |26      |-       |-       
addd r6, r7, r10    |26      |-       |-       |-       
subd r3, r3, r6     |-       |-       |-       |-       

Scoreboard ===============================================
UF     |Busy |OP  |Fi |Fj |Fk |Qj     |Qk     |Rj   |Rk
Integer|False|    |   |   |   |       |       |False|False
Mult1  |False|    |   |   |   |       |       |False|False
Mult2  |True |muld|r7 |r8 |r9 |-      |-      |False|False
Add    |True |addd|r6 |r7 |r10|Mult2  |Mult1  |False|True 
Divide |True |divd|r3 |r1 |r2 |-      |-      |False|False

Registradores ============================================
r1: -  |r2: -  |r3: Divide|r4: -  |r5: -  |r6: Add|r7: Mult2|r8: -  |r9: -  |r10: -  |r11: -  |r12: -  |
pc:10

################################################################
Ciclo: 31

Tabela de Instrucoes =====================================
Instrucao           |Emissao |Leitura |Execucao|Escrita 
ld r1, (100)rb      |1       |2       |3       |4       
ld r2, (120)rb      |5       |6       |7       |8       
divd r3, r1, r2     |6       |9       |-       |-       
ld r12, (10)rb      |9       |10      |11      |12      
ld r11, (20)rb      |13      |14      |15      |16      
muld r10, r11, r12  |14      |17      |27      |28      
addd r9, r11, r12   |15      |17      |19      |20      
subd r8, r11, r12   |21      |22      |24      |25      
muld r7, r8, r9     |22      |26      |-       |-       
addd r6, r7, r10    |26      |-       |-       |-       
subd r3, r3, r6     |-       |-       |-       |-       

Scoreboard ===============================================
UF     |Busy |OP  |Fi |Fj |Fk |Qj     |Qk     |Rj   |Rk
Integer|False|    |   |   |   |       |       |False|False
Mult1  |False|    |   |   |   |       |       |False|False
Mult2  |True |muld|r7 |r8 |r9 |-      |-      |False|False
Add    |True |addd|r6 |r7 |r10|Mult2  |Mult1  |False|True 
Divide |True |divd|r3 |r1 |r2 |-      |-      |False|False

Registradores ============================================
r1: -  |r2: -  |r3: Divide|r4: -  |r5: -  |r6: Add|r7: Mult2|r8: -  |r9: -  |r10: -  |r11: -  |r12: -  |
pc:10

################################################################
Ciclo: 32

Tabela de Instrucoes =====================================
Instrucao           |Emissao |Leitura |Execucao|Escrita 
ld r1, (100)rb      |1       |2       |3       |4       
ld r2, (120)rb      |5       |6       |7       |8       
divd r3, r1, r2     |6       |9       |-       |-       
ld r12, (10)rb      |9       |10      |11      |12      
ld r11, (20)rb      |13      |14      |15      |16      
muld r10, r11, r12  |14      |17      |27      |28      
addd r9, r11, r12   |15      |17      |19      |20      
subd r8, r11, r12   |21      |22      |24      |25      
muld r7, r8, r9     |22      |26      |-       |-       
addd r6, r7, r10    |26      |-       |-       |-       
subd r3, r3, r6     |-       |-       |-       |-       

Scoreboard ===============================================
UF     |Busy |OP  |Fi |Fj |Fk |Qj     |Qk     |Rj   |Rk
Integer|False|    |   |   |   |       |       |False|False
Mult1  |False|    |   |   |   |       |       |False|False
Mult2  |True |muld|r7 |r8 |r9 |-      |-      |False|False
Add    |True |addd|r6 |r7 |r10|Mult2  |Mult1  |False|True 
Divide |True |divd|r3 |r1 |r2 |-      |-      |False|False

Registradores ============================================
r1: -  |r2: -  |r3: Divide|r4: -  |r5: -  |r6: Add|r7: Mult2|r8: -  |r9: -  |r10: -  |r11: -  |r12: -  |
pc:10

################################################################
Ciclo: 33

Tabela de Instrucoes =====================================
Instrucao           |Emissao |Leitura |Execucao|Escrita 
ld r1, (100)rb      |1       |2       |3       |4       
ld r2, (120)rb      |5       |6       |7       |8       
divd r3, r1, r2     |6       |9       |-       |-       
ld r12, (10)rb      |9       |10      |11      |12      
ld r11, (20)rb      |13      |14      |15      |16      
muld r10, r11, r12  |14      |17      |27      |28      
addd r9, r11, r12   |15      |17      |19      |20      
subd r8, r11, r12   |21      |22      |24      |25      
muld r7, r8, r9     |22      |26      |-       |-       
addd r6, r7, r10    |26      |-       |-       |-       
subd r3, r3, r6     |-       |-       |-       |-       

Scoreboard ===============================================
UF     |Busy |OP  |Fi |Fj |Fk |Qj     |Qk     |Rj   |Rk
Integer|False|    |   |   |   |       |       |False|False
Mult1  |False|    |   |   |   |       |       |False|False
Mult2  |True |muld|r7 |r8 |r9 |-      |-      |False|False
Add    |True |addd|r6 |r7 |r10|Mult2  |Mult1  |False|True 
Divide |True |divd|r3 |r1 |r2 |-      |-      |False|False

Registradores ============================================
r1: -  |r2: -  |r3: Divide|r4: -  |r5: -  |r6: Add|r7: Mult2|r8: -  |r9: -  |r10: -  |r11: -  |r12: -  |
pc:10

################################################################
Ciclo: 34

Tabela de Instrucoes =====================================
Instrucao           |Emissao |Leitura |Execucao|Escrita 
ld r1, (100)rb      |1       |2       |3       |4       
ld r2, (120)rb      |5       |6       |7       |8       
divd r3, r1, r2     |6       |9       |-       |-       
ld r12, (10)rb      |9       |10      |11      |12      
ld r11, (20)rb      |13      |14      |15      |16      
muld r10, r11, r12  |14      |17      |27      |28      
addd r9, r11, r12   |15      |17      |19      |20      
subd r8, r11, r12   |21      |22      |24      |25      
muld r7, r8, r9     |22      |26      |-       |-       
addd r6, r7, r10    |26      |-       |-       |-       
subd r3, r3, r6     |-       |-       |-       |-       

Scoreboard ===============================================
UF     |Busy |OP  |Fi |Fj |Fk |Qj     |Qk     |Rj   |Rk
Integer|False|    |   |   |   |       |       |False|False
Mult1  |False|    |   |   |   |       |       |False|False
Mult2  |True |muld|r7 |r8 |r9 |-      |-      |False|False
Add    |True |addd|r6 |r7 |r10|Mult2  |Mult1  |False|True 
Divide |True |divd|r3 |r1 |r2 |-      |-      |False|False

Registradores ============================================
r1: -  |r2: -  |r3: Divide|r4: -  |r5: -  |r6: Add|r7: Mult2|r8: -  |r9: -  |r10: -  |r11: -  |r12: -  |
pc:10

################################################################
Ciclo: 35

Tabela de Instrucoes =====================================
Instrucao           |Emissao |Leitura |Execucao|Escrita 
ld r1, (100)rb      |1       |2       |3       |4       
ld r2, (120)rb      |5       |6       |7       |8       
divd r3, r1, r2     |6       |9       |-       |-       
ld r12, (10)rb      |9       |10      |11      |12      
ld r11, (20)rb      |13      |14      |15      |16      
muld r10, r11, r12  |14      |17      |27      |28      
addd r9, r11, r12   |15      |17      |19      |20      
subd r8, r11, r12   |21      |22      |24      |25      
muld r7, r8, r9     |22      |26      |-       |-       
addd r6, r7, r10    |26      |-       |-       |-       
subd r3, r3, r6     |-       |-       |-       |-       

Scoreboard ===============================================
UF     |Busy |OP  |Fi |Fj |Fk |Qj     |Qk     |Rj   |Rk
Integer|False|    |   |   |   |       |       |False|False
Mult1  |False|    |   |   |   |       |       |False|False
Mult2  |True |muld|r7 |r8 |r9 |-      |-      |False|False
Add    |True |addd|r6 |r7 |r10|Mult2  |Mult1  |False|True 
Divide |True |divd|r3 |r1 |r2 |-      |-      |False|False

Registradores ============================================
r1: -  |r2: -  |r3: Divide|r4: -  |r5: -  |r6: Add|r7: Mult2|r8: -  |r9: -  |r10: -  |r11: -  |r12: -  |
pc:10

################################################################
Ciclo: 36

Tabela de Instrucoes =====================================
Instrucao           |Emissao |Leitura |Execucao|Escrita 
ld r1, (100)rb      |1       |2       |3       |4       
ld r2, (120)rb      |5       |6       |7       |8       
divd r3, r1, r2     |6       |9       |-       |-       
ld r12, (10)rb      |9       |10      |11      |12      
ld r11, (20)rb      |13      |14      |15      |16      
muld r10, r11, r12  |14      |17      |27      |28      
addd r9, r11, r12   |15      |17      |19      |20      
subd r8, r11, r12   |21      |22      |24      |25      
muld r7, r8, r9     |22      |26      |36      |-       
addd r6, r7, r10    |26      |-       |-       |-       
subd r3, r3, r6     |-       |-       |-       |-       

Scoreboard ===============================================
UF     |Busy |OP  |Fi |Fj |Fk |Qj     |Qk     |Rj   |Rk
Integer|False|    |   |   |   |       |       |False|False
Mult1  |False|    |   |   |   |       |       |False|False
Mult2  |True |muld|r7 |r8 |r9 |-      |-      |False|False
Add    |True |addd|r6 |r7 |r10|Mult2  |Mult1  |False|True 
Divide |True |divd|r3 |r1 |r2 |-      |-      |False|False

Registradores ============================================
r1: -  |r2: -  |r3: Divide|r4: -  |r5: -  |r6: Add|r7: Mult2|r8: -  |r9: -  |r10: -  |r11: -  |r12: -  |
pc:10

################################################################
Ciclo: 37

Tabela de Instrucoes =====================================
Instrucao           |Emissao |Leitura |Execucao|Escrita 
ld r1, (100)rb      |1       |2       |3       |4       
ld r2, (120)rb      |5       |6       |7       |8       
divd r3, r1, r2     |6       |9       |-       |-       
ld r12, (10)rb      |9       |10      |11      |12      
ld r11, (20)rb      |13      |14      |15      |16      
muld r10, r11, r12  |14      |17      |27      |28      
addd r9, r11, r12   |15      |17      |19      |20      
subd r8, r11, r12   |21      |22      |24      |25      
muld r7, r8, r9     |22      |26      |36      |37      
addd r6, r7, r10    |26      |-       |-       |-       
subd r3, r3, r6     |-       |-       |-       |-       

Scoreboard ===============================================
UF     |Busy |OP  |Fi |Fj |Fk |Qj     |Qk     |Rj   |Rk
Integer|False|    |   |   |   |       |       |False|False
Mult1  |False|    |   |   |   |       |       |False|False
Mult2  |False|    |   |   |   |       |       |False|False
Add    |True |addd|r6 |r7 |r10|Mult2  |Mult1  |True |True 
Divide |True |divd|r3 |r1 |r2 |-      |-      |False|False

Registradores ============================================
r1: -  |r2: -  |r3: Divide|r4: -  |r5: -  |r6: Add|r7: -  |r8: -  |r9: -  |r10: -  |r11: -  |r12: -  |
pc:10

################################################################
Ciclo: 38

Tabela de Instrucoes =====================================
Instrucao           |Emissao |Leitura |Execucao|Escrita 
ld r1, (100)rb      |1       |2       |3       |4       
ld r2, (120)rb      |5       |6       |7       |8       
divd r3, r1, r2     |6       |9       |-       |-       
ld r12, (10)rb      |9       |10      |11      |12      
ld r11, (20)rb      |13      |14      |15      |16      
muld r10, r11, r12  |14      |17      |27      |28      
addd r9, r11, r12   |15      |17      |19      |20      
subd r8, r11, r12   |21      |22      |24      |25      
muld r7, r8, r9     |22      |26      |36      |37      
addd r6, r7, r10    |26      |38      |-       |-       
subd r3, r3, r6     |-       |-       |-       |-       

Scoreboard ===============================================
UF     |Busy |OP  |Fi |Fj |Fk |Qj     |Qk     |Rj   |Rk
Integer|False|    |   |   |   |       |       |False|False
Mult1  |False|    |   |   |   |       |       |False|False
Mult2  |False|    |   |   |   |       |       |False|False
Add    |True |addd|r6 |r7 |r10|-      |-      |False|False
Divide |True |divd|r3 |r1 |r2 |-      |-      |False|False

Registradores ============================================
r1: -  |r2: -  |r3: Divide|r4: -  |r5: -  |r6: Add|r7: -  |r8: -  |r9: -  |r10: -  |r11: -  |r12: -  |
pc:10

################################################################
Ciclo: 39

Tabela de Instrucoes =====================================
Instrucao           |Emissao |Leitura |Execucao|Escrita 
ld r1, (100)rb      |1       |2       |3       |4       
ld r2, (120)rb      |5       |6       |7       |8       
divd r3, r1, r2     |6       |9       |-       |-       
ld r12, (10)rb      |9       |10      |11      |12      
ld r11, (20)rb      |13      |14      |15      |16      
muld r10, r11, r12  |14      |17      |27      |28      
addd r9, r11, r12   |15      |17      |19      |20      
subd r8, r11, r12   |21      |22      |24      |25      
muld r7, r8, r9     |22      |26      |36      |37      
addd r6, r7, r10    |26      |38      |-       |-       
subd r3, r3, r6     |-       |-       |-       |-       

Scoreboard ===============================================
UF     |Busy |OP  |Fi |Fj |Fk |Qj     |Qk     |Rj   |Rk
Integer|False|    |   |   |   |       |       |False|False
Mult1  |False|    |   |   |   |       |       |False|False
Mult2  |False|    |   |   |   |       |       |False|False
Add    |True |addd|r6 |r7 |r10|-      |-      |False|False
Divide |True |divd|r3 |r1 |r2 |-      |-      |False|False

Registradores ============================================
r1: -  |r2: -  |r3: Divide|r4: -  |r5: -  |r6: Add|r7: -  |r8: -  |r9: -  |r10: -  |r11: -  |r12: -  |
pc:10

################################################################
Ciclo: 40

Tabela de Instrucoes =====================================
Instrucao           |Emissao |Leitura |Execucao|Escrita 
ld r1, (100)rb      |1       |2       |3       |4       
ld r2, (120)rb      |5       |6       |7       |8       
divd r3, r1, r2     |6       |9       |-       |-       
ld r12, (10)rb      |9       |10      |11      |12      
ld r11, (20)rb      |13      |14      |15      |16      
muld r10, r11, r12  |14      |17      |27      |28      
addd r9, r11, r12   |15      |17      |19      |20      
subd r8, r11, r12   |21      |22      |24      |25      
muld r7, r8, r9     |22      |26      |36      |37      
addd r6, r7, r10    |26      |38      |40      |-       
subd r3, r3, r6     |-       |-       |-       |-       

Scoreboard ===============================================
UF     |Busy |OP  |Fi |Fj |Fk |Qj     |Qk     |Rj   |Rk
Integer|False|    |   |   |   |       |       |False|False
Mult1  |False|    |   |   |   |       |       |False|False
Mult2  |False|    |   |   |   |       |       |False|False
Add    |True |addd|r6 |r7 |r10|-      |-      |False|False
Divide |True |divd|r3 |r1 |r2 |-      |-      |False|False

Registradores ============================================
r1: -  |r2: -  |r3: Divide|r4: -  |r5: -  |r6: Add|r7: -  |r8: -  |r9: -  |r10: -  |r11: -  |r12: -  |
pc:10

################################################################
Ciclo: 41

Tabela de Instrucoes =====================================
Instrucao           |Emissao |Leitura |Execucao|Escrita 
ld r1, (100)rb      |1       |2       |3       |4       
ld r2, (120)rb      |5       |6       |7       |8       
divd r3, r1, r2     |6       |9       |-       |-       
ld r12, (10)rb      |9       |10      |11      |12      
ld r11, (20)rb      |13      |14      |15      |16      
muld r10, r11, r12  |14      |17      |27      |28      
addd r9, r11, r12   |15      |17      |19      |20      
subd r8, r11, r12   |21      |22      |24      |25      
muld r7, r8, r9     |22      |26      |36      |37      
addd r6, r7, r10    |26      |38      |40      |41      
subd r3, r3, r6     |-       |-       |-       |-       

Scoreboard ===============================================
UF     |Busy |OP  |Fi |Fj |Fk |Qj     |Qk     |Rj   |Rk
Integer|False|    |   |   |   |       |       |False|False
Mult1  |False|    |   |   |   |       |       |False|False
Mult2  |False|    |   |   |   |       |       |False|False
Add    |False|    |   |   |   |       |       |False|False
Divide |True |divd|r3 |r1 |r2 |-      |-      |False|False

Registradores ============================================
r1: -  |r2: -  |r3: Divide|r4: -  |r5: -  |r6: -  |r7: -  |r8: -  |r9: -  |r10: -  |r11: -  |r12: -  |
pc:10

################################################################
Ciclo: 42

Tabela de Instrucoes =====================================
Instrucao           |Emissao |Leitura |Execucao|Escrita 
ld r1, (100)rb      |1       |2       |3       |4       
ld r2, (120)rb      |5       |6       |7       |8       
divd r3, r1, r2     |6       |9       |-       |-       
ld r12, (10)rb      |9       |10      |11      |12      
ld r11, (20)rb      |13      |14      |15      |16      
muld r10, r11, r12  |14      |17      |27      |28      
addd r9, r11, r12   |15      |17      |19      |20      
subd r8, r11, r12   |21      |22      |24      |25      
muld r7, r8, r9     |22      |26      |36      |37      
addd r6, r7, r10    |26      |38      |40      |41      
subd r3, r3, r6     |-       |-       |-       |-       

Scoreboard ===============================================
UF     |Busy |OP  |Fi |Fj |Fk |Qj     |Qk     |Rj   |Rk
Integer|False|    |   |   |   |       |       |False|False
Mult1  |False|    |   |   |   |       |       |False|False
Mult2  |False|    |   |   |   |       |       |False|False
Add    |False|    |   |   |   |       |       |False|False
Divide |True |divd|r3 |r1 |r2 |-      |-      |False|False

Registradores ============================================
r1: -  |r2: -  |r3: Divide|r4: -  |r5: -  |r6: -  |r7: -  |r8: -  |r9: -  |r10: -  |r11: -  |r12: -  |
pc:10

################################################################
Ciclo: 43

Tabela de Instrucoes =====================================
Instrucao           |Emissao |Leitura |Execucao|Escrita 
ld r1, (100)rb      |1       |2       |3       |4       
ld r2, (120)rb      |5       |6       |7       |8       
divd r3, r1, r2     |6       |9       |-       |-       
ld r12, (10)rb      |9       |10      |11      |12      
ld r11, (20)rb      |13      |14      |15      |16      
muld r10, r11, r12  |14      |17      |27      |28      
addd r9, r11, r12   |15      |17      |19      |20      
subd r8, r11, r12   |21      |22      |24      |25      
muld r7, r8, r9     |22      |26      |36      |37      
addd r6, r7, r10    |26      |38      |40      |41      
subd r3, r3, r6     |-       |-       |-       |-       

Scoreboard ===============================================
UF     |Busy |OP  |Fi |Fj |Fk |Qj     |Qk     |Rj   |Rk
Integer|False|    |   |   |   |       |       |False|False
Mult1  |False|    |   |   |   |       |       |False|False
Mult2  |False|    |   |   |   |       |       |False|False
Add    |False|    |   |   |   |       |       |False|False
Divide |True |divd|r3 |r1 |r2 |-      |-      |False|False

Registradores ============================================
r1: -  |r2: -  |r3: Divide|r4: -  |r5: -  |r6: -  |r7: -  |r8: -  |r9: -  |r10: -  |r11: -  |r12: -  |
pc:10

################################################################
Ciclo: 44

Tabela de Instrucoes =====================================
Instrucao           |Emissao |Leitura |Execucao|Escrita 
ld r1, (100)rb      |1       |2       |3       |4       
ld r2, (120)rb      |5       |6       |7       |8       
divd r3, r1, r2     |6       |9       |-       |-       
ld r12, (10)rb      |9       |10      |11      |12      
ld r11, (20)rb      |13      |14      |15      |16      
muld r10, r11, r12  |14      |17      |27      |28      
addd r9, r11, r12   |15      |17      |19      |20      
subd r8, r11, r12   |21      |22      |24      |25      
muld r7, r8, r9     |22      |26      |36      |37      
addd r6, r7, r10    |26      |38      |40      |41      
subd r3, r3, r6     |-       |-       |-       |-       

Scoreboard ===============================================
UF     |Busy |OP  |Fi |Fj |Fk |Qj     |Qk     |Rj   |Rk
Integer|False|    |   |   |   |       |       |False|False
Mult1  |False|    |   |   |   |       |       |False|False
Mult2  |False|    |   |   |   |       |       |False|False
Add    |False|    |   |   |   |       |       |False|False
Divide |True |divd|r3 |r1 |r2 |-      |-      |False|False

Registradores ============================================
r1: -  |r2: -  |r3: Divide|r4: -  |r5: -  |r6: -  |r7: -  |r8: -  |r9: -  |r10: -  |r11: -  |r12: -  |
pc:10

################################################################
Ciclo: 45

Tabela de Instrucoes =====================================
Instrucao           |Emissao |Leitura |Execucao|Escrita 
ld r1, (100)rb      |1       |2       |3       |4       
ld r2, (120)rb      |5       |6       |7       |8       
divd r3, r1, r2     |6       |9       |-       |-       
ld r12, (10)rb      |9       |10      |11      |12      
ld r11, (20)rb      |13      |14      |15      |16      
muld r10, r11, r12  |14      |17      |27      |28      
addd r9, r11, r12   |15      |17      |19      |20      
subd r8, r11, r12   |21      |22      |24      |25      
muld r7, r8, r9     |22      |26      |36      |37      
addd r6, r7, r10    |26      |38      |40      |41      
subd r3, r3, r6     |-       |-       |-       |-       

Scoreboard ===============================================
UF     |Busy |OP  |Fi |Fj |Fk |Qj     |Qk     |Rj   |Rk
Integer|False|    |   |   |   |       |       |False|False
Mult1  |False|    |   |   |   |       |       |False|False
Mult2  |False|    |   |   |   |       |       |False|False
Add    |False|    |   |   |   |       |       |False|False
Divide |True |divd|r3 |r1 |r2 |-      |-      |False|False

Registradores ============================================
r1: -  |r2: -  |r3: Divide|r4: -  |r5: -  |r6: -  |r7: -  |r8: -  |r9: -  |r10: -  |r11: -  |r12: -  |
pc:10

################################################################
Ciclo: 46

Tabela de Instrucoes =====================================
Instrucao           |Emissao |Leitura |Execucao|Escrita 
ld r1, (100)rb      |1       |2       |3       |4       
ld r2, (120)rb      |5       |6       |7       |8       
divd r3, r1, r2     |6       |9       |-       |-       
ld r12, (10)rb      |9       |10      |11      |12      
ld r11, (20)rb      |13      |14      |15      |16      
muld r10, r11, r12  |14      |17      |27      |28      
addd r9, r11, r12   |15      |17      |19      |20      
subd r8, r11, r12   |21      |22      |24      |25      
muld r7, r8, r9     |22      |26      |36      |37      
addd r6, r7, r10    |26      |38      |40      |41      
subd r3, r3, r6     |-       |-       |-       |-       

Scoreboard ===============================================
UF     |Busy |OP  |Fi |Fj |Fk |Qj     |Qk     |Rj   |Rk
Integer|False|    |   |   |   |       |       |False|False
Mult1  |False|    |   |   |   |       |       |False|False
Mult2  |False|    |   |   |   |       |       |False|False
Add    |False|    |   |   |   |       |       |False|False
Divide |True |divd|r3 |r1 |r2 |-      |-      |False|False

Registradores ============================================
r1: -  |r2: -  |r3: Divide|r4: -  |r5: -  |r6: -  |r7: -  |r8: -  |r9: -  |r10: -  |r11: -  |r12: -  |
pc:10

################################################################
Ciclo: 47

Tabela de Instrucoes =====================================
Instrucao           |Emissao |Leitura |Execucao|Escrita 
ld r1, (100)rb      |1       |2       |3       |4       
ld r2, (120)rb      |5       |6       |7       |8       
divd r3, r1, r2     |6       |9       |-       |-       
ld r12, (10)rb      |9       |10      |11      |12      
ld r11, (20)rb      |13      |14      |15      |16      
muld r10, r11, r12  |14      |17      |27      |28      
addd r9, r11, r12   |15      |17      |19      |20      
subd r8, r11, r12   |21      |22      |24      |25      
muld r7, r8, r9     |22      |26      |36      |37      
addd r6, r7, r10    |26      |38      |40      |41      
subd r3, r3, r6     |-       |-       |-       |-       

Scoreboard ===============================================
UF     |Busy |OP  |Fi |Fj |Fk |Qj     |Qk     |Rj   |Rk
Integer|False|    |   |   |   |       |       |False|False
Mult1  |False|    |   |   |   |       |       |False|False
Mult2  |False|    |   |   |   |       |       |False|False
Add    |False|    |   |   |   |       |       |False|False
Divide |True |divd|r3 |r1 |r2 |-      |-      |False|False

Registradores ============================================
r1: -  |r2: -  |r3: Divide|r4: -  |r5: -  |r6: -  |r7: -  |r8: -  |r9: -  |r10: -  |r11: -  |r12: -  |
pc:10

################################################################
Ciclo: 48

Tabela de Instrucoes =====================================
Instrucao           |Emissao |Leitura |Execucao|Escrita 
ld r1, (100)rb      |1       |2       |3       |4       
ld r2, (120)rb      |5       |6       |7       |8       
divd r3, r1, r2     |6       |9       |-       |-       
ld r12, (10)rb      |9       |10      |11      |12      
ld r11, (20)rb      |13      |14      |15      |16      
muld r10, r11, r12  |14      |17      |27      |28      
addd r9, r11, r12   |15      |17      |19      |20      
subd r8, r11, r12   |21      |22      |24      |25      
muld r7, r8, r9     |22      |26      |36      |37      
addd r6, r7, r10    |26      |38      |40      |41      
subd r3, r3, r6     |-       |-       |-       |-       

Scoreboard ===============================================
UF     |Busy |OP  |Fi |Fj |Fk |Qj     |Qk     |Rj   |Rk
Integer|False|    |   |   |   |       |       |False|False
Mult1  |False|    |   |   |   |       |       |False|False
Mult2  |False|    |   |   |   |       |       |False|False
Add    |False|    |   |   |   |       |       |False|False
Divide |True |divd|r3 |r1 |r2 |-      |-      |False|False

Registradores ============================================
r1: -  |r2: -  |r3: Divide|r4: -  |r5: -  |r6: -  |r7: -  |r8: -  |r9: -  |r10: -  |r11: -  |r12: -  |
pc:10

################################################################
Ciclo: 49

Tabela de Instrucoes =====================================
Instrucao           |Emissao |Leitura |Execucao|Escrita 
ld r1, (100)rb      |1       |2       |3       |4       
ld r2, (120)rb      |5       |6       |7       |8       
divd r3, r1, r2     |6       |9       |49      |-       
ld r12, (10)rb      |9       |10      |11      |12      
ld r11, (20)rb      |13      |14      |15      |16      
muld r10, r11, r12  |14      |17      |27      |28      
addd r9, r11, r12   |15      |17      |19      |20      
subd r8, r11, r12   |21      |22      |24      |25      
muld r7, r8, r9     |22      |26      |36      |37      
addd r6, r7, r10    |26      |38      |40      |41      
subd r3, r3, r6     |-       |-       |-       |-       

Scoreboard ===============================================
UF     |Busy |OP  |Fi |Fj |Fk |Qj     |Qk     |Rj   |Rk
Integer|False|    |   |   |   |       |       |False|False
Mult1  |False|    |   |   |   |       |       |False|False
Mult2  |False|    |   |   |   |       |       |False|False
Add    |False|    |   |   |   |       |       |False|False
Divide |True |divd|r3 |r1 |r2 |-      |-      |False|False

Registradores ============================================
r1: -  |r2: -  |r3: Divide|r4: -  |r5: -  |r6: -  |r7: -  |r8: -  |r9: -  |r10: -  |r11: -  |r12: -  |
pc:10

################################################################
Ciclo: 50

Tabela de Instrucoes =====================================
Instrucao           |Emissao |Leitura |Execucao|Escrita 
ld r1, (100)rb      |1       |2       |3       |4       
ld r2, (120)rb      |5       |6       |7       |8       
divd r3, r1, r2     |6       |9       |49      |50      
ld r12, (10)rb      |9       |10      |11      |12      
ld r11, (20)rb      |13      |14      |15      |16      
muld r10, r11, r12  |14      |17      |27      |28      
addd r9, r11, r12   |15      |17      |19      |20      
subd r8, r11, r12   |21      |22      |24      |25      
muld r7, r8, r9     |22      |26      |36      |37      
addd r6, r7, r10    |26      |38      |40      |41      
subd r3, r3, r6     |50      |-       |-       |-       

Scoreboard ===============================================
UF     |Busy |OP  |Fi |Fj |Fk |Qj     |Qk     |Rj   |Rk
Integer|False|    |   |   |   |       |       |False|False
Mult1  |False|    |   |   |   |       |       |False|False
Mult2  |False|    |   |   |   |       |       |False|False
Add    |True |subd|r3 |r3 |r6 |-      |-      |True |True 
Divide |False|    |   |   |   |       |       |False|False

Registradores ============================================
r1: -  |r2: -  |r3: Add|r4: -  |r5: -  |r6: -  |r7: -  |r8: -  |r9: -  |r10: -  |r11: -  |r12: -  |
pc:11

################################################################
Ciclo: 51

Tabela de Instrucoes =====================================
Instrucao           |Emissao |Leitura |Execucao|Escrita 
ld r1, (100)rb      |1       |2       |3       |4       
ld r2, (120)rb      |5       |6       |7       |8       
divd r3, r1, r2     |6       |9       |49      |50      
ld r12, (10)rb      |9       |10      |11      |12      
ld r11, (20)rb      |13      |14      |15      |16      
muld r10, r11, r12  |14      |17      |27      |28      
addd r9, r11, r12   |15      |17      |19      |20      
subd r8, r11, r12   |21      |22      |24      |25      
muld r7, r8, r9     |22      |26      |36      |37      
addd r6, r7, r10    |26      |38      |40      |41      
subd r3, r3, r6     |50      |51      |-       |-       

Scoreboard ===============================================
UF     |Busy |OP  |Fi |Fj |Fk |Qj     |Qk     |Rj   |Rk
Integer|False|    |   |   |   |       |       |False|False
Mult1  |False|    |   |   |   |       |       |False|False
Mult2  |False|    |   |   |   |       |       |False|False
Add    |True |subd|r3 |r3 |r6 |-      |-      |False|False
Divide |False|    |   |   |   |       |       |False|False

Registradores ============================================
r1: -  |r2: -  |r3: Add|r4: -  |r5: -  |r6: -  |r7: -  |r8: -  |r9: -  |r10: -  |r11: -  |r12: -  |
pc:11

################################################################
Ciclo: 52

Tabela de Instrucoes =====================================
Instrucao           |Emissao |Leitura |Execucao|Escrita 
ld r1, (100)rb      |1       |2       |3       |4       
ld r2, (120)rb      |5       |6       |7       |8       
divd r3, r1, r2     |6       |9       |49      |50      
ld r12, (10)rb      |9       |10      |11      |12      
ld r11, (20)rb      |13      |14      |15      |16      
muld r10, r11, r12  |14      |17      |27      |28      
addd r9, r11, r12   |15      |17      |19      |20      
subd r8, r11, r12   |21      |22      |24      |25      
muld r7, r8, r9     |22      |26      |36      |37      
addd r6, r7, r10    |26      |38      |40      |41      
subd r3, r3, r6     |50      |51      |-       |-       

Scoreboard ===============================================
UF     |Busy |OP  |Fi |Fj |Fk |Qj     |Qk     |Rj   |Rk
Integer|False|    |   |   |   |       |       |False|False
Mult1  |False|    |   |   |   |       |       |False|False
Mult2  |False|    |   |   |   |       |       |False|False
Add    |True |subd|r3 |r3 |r6 |-      |-      |False|False
Divide |False|    |   |   |   |       |       |False|False

Registradores ============================================
r1: -  |r2: -  |r3: Add|r4: -  |r5: -  |r6: -  |r7: -  |r8: -  |r9: -  |r10: -  |r11: -  |r12: -  |
pc:11

################################################################
Ciclo: 53

Tabela de Instrucoes =====================================
Instrucao           |Emissao |Leitura |Execucao|Escrita 
ld r1, (100)rb      |1       |2       |3       |4       
ld r2, (120)rb      |5       |6       |7       |8       
divd r3, r1, r2     |6       |9       |49      |50      
ld r12, (10)rb      |9       |10      |11      |12      
ld r11, (20)rb      |13      |14      |15      |16      
muld r10, r11, r12  |14      |17      |27      |28      
addd r9, r11, r12   |15      |17      |19      |20      
subd r8, r11, r12   |21      |22      |24      |25      
muld r7, r8, r9     |22      |26      |36      |37      
addd r6, r7, r10    |26      |38      |40      |41      
subd r3, r3, r6     |50      |51      |53      |-       

Scoreboard ===============================================
UF     |Busy |OP  |Fi |Fj |Fk |Qj     |Qk     |Rj   |Rk
Integer|False|    |   |   |   |       |       |False|False
Mult1  |False|    |   |   |   |       |       |False|False
Mult2  |False|    |   |   |   |       |       |False|False
Add    |True |subd|r3 |r3 |r6 |-      |-      |False|False
Divide |False|    |   |   |   |       |       |False|False

Registradores ============================================
r1: -  |r2: -  |r3: Add|r4: -  |r5: -  |r6: -  |r7: -  |r8: -  |r9: -  |r10: -  |r11: -  |r12: -  |
pc:11

################################################################
Ciclo: 54

Tabela de Instrucoes =====================================
Instrucao           |Emissao |Leitura |Execucao|Escrita 
ld r1, (100)rb      |1       |2       |3       |4       
ld r2, (120)rb      |5       |6       |7       |8       
divd r3, r1, r2     |6       |9       |49      |50      
ld r12, (10)rb      |9       |10      |11      |12      
ld r11, (20)rb      |13      |14      |15      |16      
muld r10, r11, r12  |14      |17      |27      |28      
addd r9, r11, r12   |15      |17      |19      |20      
subd r8, r11, r12   |21      |22      |24      |25      
muld r7, r8, r9     |22      |26      |36      |37      
addd r6, r7, r10    |26      |38      |40      |41      
subd r3, r3, r6     |50      |51      |53      |54      

Scoreboard ===============================================
UF     |Busy |OP  |Fi |Fj |Fk |Qj     |Qk     |Rj   |Rk
Integer|False|    |   |   |   |       |       |False|False
Mult1  |False|    |   |   |   |       |       |False|False
Mult2  |False|    |   |   |   |       |       |False|False
Add    |False|    |   |   |   |       |       |False|False
Divide |False|    |   |   |   |       |       |False|False

Registradores ============================================
r1: -  |r2: -  |r3: -  |r4: -  |r5: -  |r6: -  |r7: -  |r8: -  |r9: -  |r10: -  |r11: -  |r12: -  |
pc:11

